#
# A fatal error has been detected by the Java Runtime Environment:
#
#  EXCEPTION_ACCESS_VIOLATION (0xc0000005) at pc=0x00007ffe82fac1c4, pid=4980, tid=12644
#
# JRE version: OpenJDK Runtime Environment (20.0+36) (build 20+36-2344)
# Java VM: OpenJDK 64-Bit Server VM (20+36-2344, mixed mode, sharing, tiered, compressed oops, compressed class ptrs, g1 gc, windows-amd64)
# Problematic frame:
# C  [cyjagent.dll+0xc1c4]
#
# No core dump will be written. Minidumps are not enabled by default on client versions of Windows
#
# If you would like to submit a bug report, please visit:
#   https://bugreport.java.com/bugreport/crash.jsp
# The crash happened outside the Java Virtual Machine in native code.
# See problematic frame for where to report the bug.
#

---------------  S U M M A R Y ------------

Command Line: -javaagent:C:\Program Files\JetBrains\IntelliJ IDEA 2021.2.2\lib\idea_rt.jar=54632:C:\Program Files\JetBrains\IntelliJ IDEA 2021.2.2\bin -Dfile.encoding=UTF-8 -agentpath:C:\Program Files\Palo Alto Networks\Traps\cyjagent.dll com.company.JavaIntToString

Host: Intel(R) Core(TM) i5-1035G1 CPU @ 1.00GHz, 8 cores, 7G,  Windows 10 , 64 bit Build 19041 (10.0.19041.2251)
Time: Wed May 24 10:16:04 2023  Windows 10 , 64 bit Build 19041 (10.0.19041.2251) elapsed time: 0.182329 seconds (0d 0h 0m 0s)

---------------  T H R E A D  ---------------

Current thread (0x0000021b2e9b8700):  JavaThread "Monitor Ctrl-Break" daemon [_thread_in_native, id=12644, stack(0x000000ad5f600000,0x000000ad5f700000)]

Stack: [0x000000ad5f600000,0x000000ad5f700000],  sp=0x000000ad5f6fd230,  free space=1012k
Native frames: (J=compiled Java code, j=interpreted, Vv=VM code, C=native code)
C  [cyjagent.dll+0xc1c4]

Java frames: (J=compiled Java code, j=interpreted, Vv=VM code)
j  java.util.concurrent.ConcurrentSkipListMap.<clinit>()V+24 java.base@20
v  ~StubRoutines::call_stub 0x0000021b1cc410e7
j  java.util.concurrent.ConcurrentSkipListSet.<init>()V+5 java.base@20
j  java.net.InetAddress.<clinit>()V+83 java.base@20
v  ~StubRoutines::call_stub 0x0000021b1cc410e7
j  java.net.InetSocketAddress.<init>(Ljava/lang/String;I)V+15 java.base@20
j  java.net.Socket.<init>(Ljava/lang/String;I)V+11 java.base@20
j  com.intellij.rt.execution.application.AppMainV2$1.run()V+10
v  ~StubRoutines::call_stub 0x0000021b1cc410e7

siginfo: EXCEPTION_ACCESS_VIOLATION (0xc0000005), reading address 0x0000000000000000


Registers:
RAX=0x0000000000000000, RBX=0x0000021b2e9b89e0, RCX=0x0000000000000000, RDX=0x0000021b0b61e320
RSP=0x000000ad5f6fd230, RBP=0x0000021b156ff8d0, RSI=0x0000000000000000, RDI=0x0000021b2e88c938
R8 =0x000000ad5f6fd0a8, R9 =0x0000021b156ff8d0, R10=0x0000000000000000, R11=0x0000000000000246
R12=0x0000021b2e88c938, R13=0x0000000000000000, R14=0x0000021b2e9b8700, R15=0x0000000000000000
RIP=0x00007ffe82fac1c4, EFLAGS=0x0000000000010202


Register to memory mapping:

RIP=0x00007ffe82fac1c4 cyjagent.dll
RAX=0x0 is NULL
RBX=0x0000021b2e9b89e0 points into unknown readable memory: 0x00007ffe0e6556c0 | c0 56 65 0e fe 7f 00 00
RCX=0x0 is NULL
RDX=0x0000021b0b61e320 points into unknown readable memory: 0x0000021b2e9b8700 | 00 87 9b 2e 1b 02 00 00
RSP=0x000000ad5f6fd230 is pointing into the stack for thread: 0x0000021b2e9b8700
RBP=0x0000021b156ff8d0 points into unknown readable memory: 0x0000021b1561e340 | 40 e3 61 15 1b 02 00 00
RSI=0x0 is NULL
RDI=0x0000021b2e88c938 points into unknown readable memory: 0x6974752f6176616a | 6a 61 76 61 2f 75 74 69
R8 =0x000000ad5f6fd0a8 is pointing into the stack for thread: 0x0000021b2e9b8700
R9 =0x0000021b156ff8d0 points into unknown readable memory: 0x0000021b1561e340 | 40 e3 61 15 1b 02 00 00
R10=0x0 is NULL
R11=0x0000000000000246 is an unknown value
R12=0x0000021b2e88c938 points into unknown readable memory: 0x6974752f6176616a | 6a 61 76 61 2f 75 74 69
R13=0x0 is NULL
R14=0x0000021b2e9b8700 is a thread
R15=0x0 is NULL


Top of Stack: (sp=0x000000ad5f6fd230)
0x000000ad5f6fd230:   0000021b2e88c938 0000021b2e9b89e0
0x000000ad5f6fd240:   0000000000000000 00007ffe0df79362
0x000000ad5f6fd250:   0000000000000000 0000000000000000
0x000000ad5f6fd260:   00000008005a60b0 0000021b156ff8d0
0x000000ad5f6fd270:   0000000000000025 000000ad5f6fd450
0x000000ad5f6fd280:   0000021b0bba60a0 0000000000000000
0x000000ad5f6fd290:   000000ad5f6fd488 00007ffe0e090b7e
0x000000ad5f6fd2a0:   0000021b0bba60a0 0000000000000000
0x000000ad5f6fd2b0:   000000ad5f6fd450 0000000000001768
0x000000ad5f6fd2c0:   0000021b2e88c938 0000000000000000
0x000000ad5f6fd2d0:   0000021b00001768 0000021b2e88b1a0
0x000000ad5f6fd2e0:   000000ad5f6fd3d8 000000ad5f6fd2f8
0x000000ad5f6fd2f0:   0000000000000000 0000000000000000
0x000000ad5f6fd300:   0000000000000000 00007ffe8324fd7d
0x000000ad5f6fd310:   0000021b2ea3d240 0000021b2e88b190
0x000000ad5f6fd320:   0000021b2e88c960 0000021b2e893178
0x000000ad5f6fd330:   00000000000083b0 0000021b2e9b8700
0x000000ad5f6fd340:   0000021b2e9b8700 0000021b2ea3cf80
0x000000ad5f6fd350:   0000021b2a672b50 0000021b2a672b70
0x000000ad5f6fd360:   0000021b2a672c38 00000000000000d8
0x000000ad5f6fd370:   000000ad5f6fd9d0 0000000000003c93
0x000000ad5f6fd380:   0000000000000068 0000000000000000
0x000000ad5f6fd390:   0000000000000002 0000021b0bba60a0
0x000000ad5f6fd3a0:   000000ad5f6fd450 000000080030b5f0
0x000000ad5f6fd3b0:   0000000000000028 00007ffe0e088752
0x000000ad5f6fd3c0:   0000021b2a65aa01 00007ffe793e2632
0x000000ad5f6fd3d0:   0000021b2ea3d201 0000000000000000
0x000000ad5f6fd3e0:   000000080030b5f0 00000008005a60b0
0x000000ad5f6fd3f0:   00000008005a60b0 0000021b2a65aa10
0x000000ad5f6fd400:   0000000000000000 00007ffe0e08884b
0x000000ad5f6fd410:   000000ad5f6fd510 0000000000000000
0x000000ad5f6fd420:   0000000000000000 0000021b2a65aa10 

Instructions: (pc=0x00007ffe82fac1c4)
0x00007ffe82fac0c4:   00 00 03 72 2d 44 8b ce 48 8d 05 3d e0 01 00 ba
0x00007ffe82fac0d4:   2f 00 00 00 4e 8b 0c c8 48 8b 89 b0 02 00 00 4c
0x00007ffe82fac0e4:   8d 05 56 df 01 00 e8 51 50 ff ff 48 8b 0d ea 38
0x00007ffe82fac0f4:   02 00 48 3b cb 74 68 f6 81 bc 02 00 00 10 74 5f
0x00007ffe82fac104:   80 b9 b9 02 00 00 02 72 56 4c 8b 8c 24 90 00 00
0x00007ffe82fac114:   00 4c 8d 05 24 df 01 00 48 8b 89 b0 02 00 00 ba
0x00007ffe82fac124:   31 00 00 00 e8 13 50 ff ff eb 34 49 8b 0f 4c 8b
0x00007ffe82fac134:   c3 48 8b d6 e8 d3 63 00 00 48 8b 84 24 b0 00 00
0x00007ffe82fac144:   00 89 18 48 8b 0d 6a 4c 02 00 4c 8b c6 33 d2 ff
0x00007ffe82fac154:   15 87 50 01 00 eb 08 a8 02 75 04 c6 47 40 01 b8
0x00007ffe82fac164:   ff ff ff ff f0 0f c1 47 10 4c 8b b4 24 88 00 00
0x00007ffe82fac174:   00 83 f8 01 75 42 48 8b 4f 18 48 81 c1 70 01 00
0x00007ffe82fac184:   00 ff 15 1d 51 01 00 48 8b 0f 48 8b 47 08 48 89
0x00007ffe82fac194:   08 48 89 41 08 48 8b 4f 18 48 81 c1 70 01 00 00
0x00007ffe82fac1a4:   ff 15 06 51 01 00 48 8b 0d 07 4c 02 00 4c 8b c7
0x00007ffe82fac1b4:   33 d2 ff 15 24 50 01 00 48 8b 4d 20 48 8b 55 10
0x00007ffe82fac1c4:   48 8b 01 48 8b 80 08 01 00 00 ff 15 0c 51 01 00
0x00007ffe82fac1d4:   85 c0 74 40 48 8b 0d 01 38 02 00 48 8d 15 fa 37
0x00007ffe82fac1e4:   02 00 48 3b ca 74 2d f6 81 bc 02 00 00 10 74 24
0x00007ffe82fac1f4:   80 b9 b9 02 00 00 03 72 1b 48 8b 89 b0 02 00 00
0x00007ffe82fac204:   4c 8d 05 35 de 01 00 ba 15 00 00 00 44 8b c8 e8
0x00007ffe82fac214:   68 4e ff ff 48 8b 6c 24 78 48 8b b4 24 80 00 00
0x00007ffe82fac224:   00 48 83 c4 50 41 5f 5f 5b c3 cc cc 40 57 48 83
0x00007ffe82fac234:   ec 30 f6 81 78 01 00 00 04 48 8b f9 0f 85 87 02
0x00007ffe82fac244:   00 00 48 89 5c 24 40 45 33 c9 48 89 6c 24 48 33
0x00007ffe82fac254:   d2 48 89 74 24 50 48 8b 71 20 45 8d 41 32 48 8b
0x00007ffe82fac264:   ce 48 8b 06 48 8b 40 08 ff 15 6e 50 01 00 48 8d
0x00007ffe82fac274:   2d 67 37 02 00 85 c0 74 37 48 8b 0d 5c 37 02 00
0x00007ffe82fac284:   48 3b cd 74 2b f6 81 bc 02 00 00 10 74 22 80 b9
0x00007ffe82fac294:   b9 02 00 00 02 72 19 48 8b 89 b0 02 00 00 ba 11
0x00007ffe82fac2a4:   00 00 00 89 44 24 20 44 8d 4a 21 e8 7c dc ff ff
0x00007ffe82fac2b4:   48 8b 06 45 33 c9 33 d2 48 8b ce 48 8b 40 08 45 


Stack slot to memory mapping:
stack at sp + 0 slots: 0x0000021b2e88c938 points into unknown readable memory: 0x6974752f6176616a | 6a 61 76 61 2f 75 74 69
stack at sp + 1 slots: 0x0000021b2e9b89e0 points into unknown readable memory: 0x00007ffe0e6556c0 | c0 56 65 0e fe 7f 00 00
stack at sp + 2 slots: 0x0 is NULL
stack at sp + 3 slots: 0x00007ffe0df79362 jvm.dll
stack at sp + 4 slots: 0x0 is NULL
stack at sp + 5 slots: 0x0 is NULL
stack at sp + 6 slots: 0x00000008005a60b0 is pointing into metadata
stack at sp + 7 slots: 0x0000021b156ff8d0 points into unknown readable memory: 0x0000021b1561e340 | 40 e3 61 15 1b 02 00 00


---------------  P R O C E S S  ---------------

Threads class SMR info:
_java_thread_list=0x0000021b2ea786f0, length=11, elements={
0x0000021b2a6473c0, 0x0000021b2a6481c0, 0x0000021b2a64b7f0, 0x0000021b2a650350,
0x0000021b2a651150, 0x0000021b2a65a460, 0x0000021b2a6689d0, 0x0000021b2a671820,
0x0000021b2e8bc940, 0x0000021b2e9b8700, 0x0000021b2e9b9510
}

Java Threads: ( => current thread )
  0x0000021b2a6473c0 JavaThread "Reference Handler" daemon [_thread_blocked, id=12096, stack(0x000000ad5ed00000,0x000000ad5ee00000)]
  0x0000021b2a6481c0 JavaThread "Finalizer" daemon [_thread_blocked, id=7804, stack(0x000000ad5ee00000,0x000000ad5ef00000)]
  0x0000021b2a64b7f0 JavaThread "Signal Dispatcher" daemon [_thread_blocked, id=4200, stack(0x000000ad5ef00000,0x000000ad5f000000)]
  0x0000021b2a650350 JavaThread "Attach Listener" daemon [_thread_blocked, id=1032, stack(0x000000ad5f000000,0x000000ad5f100000)]
  0x0000021b2a651150 JavaThread "Service Thread" daemon [_thread_blocked, id=1396, stack(0x000000ad5f100000,0x000000ad5f200000)]
  0x0000021b2a65a460 JavaThread "Monitor Deflation Thread" daemon [_thread_blocked, id=5188, stack(0x000000ad5f200000,0x000000ad5f300000)]
  0x0000021b2a6689d0 JavaThread "C2 CompilerThread0" daemon [_thread_blocked, id=10580, stack(0x000000ad5f300000,0x000000ad5f400000)]
  0x0000021b2a671820 JavaThread "C1 CompilerThread0" daemon [_thread_blocked, id=4320, stack(0x000000ad5f400000,0x000000ad5f500000)]
  0x0000021b2e8bc940 JavaThread "Common-Cleaner" daemon [_thread_blocked, id=9804, stack(0x000000ad5f500000,0x000000ad5f600000)]
=>0x0000021b2e9b8700 JavaThread "Monitor Ctrl-Break" daemon [_thread_in_native, id=12644, stack(0x000000ad5f600000,0x000000ad5f700000)]
  0x0000021b2e9b9510 JavaThread "Notification Thread" daemon [_thread_blocked, id=7376, stack(0x000000ad5f700000,0x000000ad5f800000)]

Other Threads:
  0x0000021b2a629700 VMThread "VM Thread" [stack: 0x000000ad5ec00000,0x000000ad5ed00000] [id=3004] _threads_hazard_ptr=0x0000021b2ea786f0
  0x0000021b0bc12e10 WorkerThread "GC Thread#0" [stack: 0x000000ad5e700000,0x000000ad5e800000] [id=5652]
  0x0000021b0bc23780 ConcurrentGCThread "G1 Main Marker" terminated
  0x0000021b0b6eccc0 WorkerThread "G1 Conc#0" [stack: 0x000000ad5e900000,0x000000ad5ea00000] [id=12548]
  0x0000021b2a4d6580 ConcurrentGCThread "G1 Refine#0" terminated
  0x0000021b2a4d6e30 ConcurrentGCThread "G1 Service" terminated

Threads with active compile tasks:

VM state: at safepoint (normal execution)

VM Mutex/Monitor currently owned by a thread:  ([mutex/lock_event])
[0x0000021b0bbb5c80] Threads_lock - owner thread: 0x0000021b2a629700
[0x0000021b0bbb6970] Heap_lock - owner thread: 0x0000021b0bbb7e40

Heap address: 0x0000000083a00000, size: 1990 MB, Compressed Oops mode: 32-bit

CDS archive(s) mapped at: [0x0000000800000000-0x0000000800c60000-0x0000000800c60000), size 12976128, SharedBaseAddress: 0x0000000800000000, ArchiveRelocationMode: 0.
Compressed class space mapped at: 0x0000000801000000-0x0000000841000000, reserved size: 1073741824
Narrow klass base: 0x0000000800000000, Narrow klass shift: 0, Narrow klass range: 0x100000000

GC Precious Log:
 CardTable entry size: 512
 Card Set container configuration: InlinePtr #cards 5 size 8 Array Of Cards #cards 12 size 40 Howl #buckets 4 coarsen threshold 1843 Howl Bitmap #cards 512 size 80 coarsen threshold 460 Card regions per heap region 1 cards per card region 2048
 CPUs: 8 total, 8 available
 Memory: 7954M
 Large Page Support: Disabled
 NUMA Support: Disabled
 Compressed Oops: Enabled (32-bit)
 Heap Region Size: 1M
 Heap Min Capacity: 8M
 Heap Initial Capacity: 126M
 Heap Max Capacity: 1990M
 Pre-touch: Disabled
 Parallel Workers: 8
 Concurrent Workers: 2
 Concurrent Refinement Workers: 8
 Periodic GC: Disabled

Heap:
 garbage-first heap   total 129024K, used 2048K [0x0000000083a00000, 0x0000000100000000)
  region size 1024K, 3 young (3072K), 0 survivors (0K)
 Metaspace       used 526K, committed 704K, reserved 1114112K
  class space    used 30K, committed 128K, reserved 1048576K

Heap Regions: E=young(eden), S=young(survivor), O=old, HS=humongous(starts), HC=humongous(continues), CS=collection set, F=free, OA=open archive, CA=closed archive, TAMS=top-at-mark-start, PB=parsable bottom
|   0|0x0000000083a00000, 0x0000000083a00000, 0x0000000083b00000|  0%| F|  |TAMS 0x0000000083a00000| PB 0x0000000083a00000| Untracked 
|   1|0x0000000083b00000, 0x0000000083b00000, 0x0000000083c00000|  0%| F|  |TAMS 0x0000000083b00000| PB 0x0000000083b00000| Untracked 
|   2|0x0000000083c00000, 0x0000000083c00000, 0x0000000083d00000|  0%| F|  |TAMS 0x0000000083c00000| PB 0x0000000083c00000| Untracked 
|   3|0x0000000083d00000, 0x0000000083d00000, 0x0000000083e00000|  0%| F|  |TAMS 0x0000000083d00000| PB 0x0000000083d00000| Untracked 
|   4|0x0000000083e00000, 0x0000000083e00000, 0x0000000083f00000|  0%| F|  |TAMS 0x0000000083e00000| PB 0x0000000083e00000| Untracked 
|   5|0x0000000083f00000, 0x0000000083f00000, 0x0000000084000000|  0%| F|  |TAMS 0x0000000083f00000| PB 0x0000000083f00000| Untracked 
|   6|0x0000000084000000, 0x0000000084000000, 0x0000000084100000|  0%| F|  |TAMS 0x0000000084000000| PB 0x0000000084000000| Untracked 
|   7|0x0000000084100000, 0x0000000084100000, 0x0000000084200000|  0%| F|  |TAMS 0x0000000084100000| PB 0x0000000084100000| Untracked 
|   8|0x0000000084200000, 0x0000000084200000, 0x0000000084300000|  0%| F|  |TAMS 0x0000000084200000| PB 0x0000000084200000| Untracked 
|   9|0x0000000084300000, 0x0000000084300000, 0x0000000084400000|  0%| F|  |TAMS 0x0000000084300000| PB 0x0000000084300000| Untracked 
|  10|0x0000000084400000, 0x0000000084400000, 0x0000000084500000|  0%| F|  |TAMS 0x0000000084400000| PB 0x0000000084400000| Untracked 
|  11|0x0000000084500000, 0x0000000084500000, 0x0000000084600000|  0%| F|  |TAMS 0x0000000084500000| PB 0x0000000084500000| Untracked 
|  12|0x0000000084600000, 0x0000000084600000, 0x0000000084700000|  0%| F|  |TAMS 0x0000000084600000| PB 0x0000000084600000| Untracked 
|  13|0x0000000084700000, 0x0000000084700000, 0x0000000084800000|  0%| F|  |TAMS 0x0000000084700000| PB 0x0000000084700000| Untracked 
|  14|0x0000000084800000, 0x0000000084800000, 0x0000000084900000|  0%| F|  |TAMS 0x0000000084800000| PB 0x0000000084800000| Untracked 
|  15|0x0000000084900000, 0x0000000084900000, 0x0000000084a00000|  0%| F|  |TAMS 0x0000000084900000| PB 0x0000000084900000| Untracked 
|  16|0x0000000084a00000, 0x0000000084a00000, 0x0000000084b00000|  0%| F|  |TAMS 0x0000000084a00000| PB 0x0000000084a00000| Untracked 
|  17|0x0000000084b00000, 0x0000000084b00000, 0x0000000084c00000|  0%| F|  |TAMS 0x0000000084b00000| PB 0x0000000084b00000| Untracked 
|  18|0x0000000084c00000, 0x0000000084c00000, 0x0000000084d00000|  0%| F|  |TAMS 0x0000000084c00000| PB 0x0000000084c00000| Untracked 
|  19|0x0000000084d00000, 0x0000000084d00000, 0x0000000084e00000|  0%| F|  |TAMS 0x0000000084d00000| PB 0x0000000084d00000| Untracked 
|  20|0x0000000084e00000, 0x0000000084e00000, 0x0000000084f00000|  0%| F|  |TAMS 0x0000000084e00000| PB 0x0000000084e00000| Untracked 
|  21|0x0000000084f00000, 0x0000000084f00000, 0x0000000085000000|  0%| F|  |TAMS 0x0000000084f00000| PB 0x0000000084f00000| Untracked 
|  22|0x0000000085000000, 0x0000000085000000, 0x0000000085100000|  0%| F|  |TAMS 0x0000000085000000| PB 0x0000000085000000| Untracked 
|  23|0x0000000085100000, 0x0000000085100000, 0x0000000085200000|  0%| F|  |TAMS 0x0000000085100000| PB 0x0000000085100000| Untracked 
|  24|0x0000000085200000, 0x0000000085200000, 0x0000000085300000|  0%| F|  |TAMS 0x0000000085200000| PB 0x0000000085200000| Untracked 
|  25|0x0000000085300000, 0x0000000085300000, 0x0000000085400000|  0%| F|  |TAMS 0x0000000085300000| PB 0x0000000085300000| Untracked 
|  26|0x0000000085400000, 0x0000000085400000, 0x0000000085500000|  0%| F|  |TAMS 0x0000000085400000| PB 0x0000000085400000| Untracked 
|  27|0x0000000085500000, 0x0000000085500000, 0x0000000085600000|  0%| F|  |TAMS 0x0000000085500000| PB 0x0000000085500000| Untracked 
|  28|0x0000000085600000, 0x0000000085600000, 0x0000000085700000|  0%| F|  |TAMS 0x0000000085600000| PB 0x0000000085600000| Untracked 
|  29|0x0000000085700000, 0x0000000085700000, 0x0000000085800000|  0%| F|  |TAMS 0x0000000085700000| PB 0x0000000085700000| Untracked 
|  30|0x0000000085800000, 0x0000000085800000, 0x0000000085900000|  0%| F|  |TAMS 0x0000000085800000| PB 0x0000000085800000| Untracked 
|  31|0x0000000085900000, 0x0000000085900000, 0x0000000085a00000|  0%| F|  |TAMS 0x0000000085900000| PB 0x0000000085900000| Untracked 
|  32|0x0000000085a00000, 0x0000000085a00000, 0x0000000085b00000|  0%| F|  |TAMS 0x0000000085a00000| PB 0x0000000085a00000| Untracked 
|  33|0x0000000085b00000, 0x0000000085b00000, 0x0000000085c00000|  0%| F|  |TAMS 0x0000000085b00000| PB 0x0000000085b00000| Untracked 
|  34|0x0000000085c00000, 0x0000000085c00000, 0x0000000085d00000|  0%| F|  |TAMS 0x0000000085c00000| PB 0x0000000085c00000| Untracked 
|  35|0x0000000085d00000, 0x0000000085d00000, 0x0000000085e00000|  0%| F|  |TAMS 0x0000000085d00000| PB 0x0000000085d00000| Untracked 
|  36|0x0000000085e00000, 0x0000000085e00000, 0x0000000085f00000|  0%| F|  |TAMS 0x0000000085e00000| PB 0x0000000085e00000| Untracked 
|  37|0x0000000085f00000, 0x0000000085f00000, 0x0000000086000000|  0%| F|  |TAMS 0x0000000085f00000| PB 0x0000000085f00000| Untracked 
|  38|0x0000000086000000, 0x0000000086000000, 0x0000000086100000|  0%| F|  |TAMS 0x0000000086000000| PB 0x0000000086000000| Untracked 
|  39|0x0000000086100000, 0x0000000086100000, 0x0000000086200000|  0%| F|  |TAMS 0x0000000086100000| PB 0x0000000086100000| Untracked 
|  40|0x0000000086200000, 0x0000000086200000, 0x0000000086300000|  0%| F|  |TAMS 0x0000000086200000| PB 0x0000000086200000| Untracked 
|  41|0x0000000086300000, 0x0000000086300000, 0x0000000086400000|  0%| F|  |TAMS 0x0000000086300000| PB 0x0000000086300000| Untracked 
|  42|0x0000000086400000, 0x0000000086400000, 0x0000000086500000|  0%| F|  |TAMS 0x0000000086400000| PB 0x0000000086400000| Untracked 
|  43|0x0000000086500000, 0x0000000086500000, 0x0000000086600000|  0%| F|  |TAMS 0x0000000086500000| PB 0x0000000086500000| Untracked 
|  44|0x0000000086600000, 0x0000000086600000, 0x0000000086700000|  0%| F|  |TAMS 0x0000000086600000| PB 0x0000000086600000| Untracked 
|  45|0x0000000086700000, 0x0000000086700000, 0x0000000086800000|  0%| F|  |TAMS 0x0000000086700000| PB 0x0000000086700000| Untracked 
|  46|0x0000000086800000, 0x0000000086800000, 0x0000000086900000|  0%| F|  |TAMS 0x0000000086800000| PB 0x0000000086800000| Untracked 
|  47|0x0000000086900000, 0x0000000086900000, 0x0000000086a00000|  0%| F|  |TAMS 0x0000000086900000| PB 0x0000000086900000| Untracked 
|  48|0x0000000086a00000, 0x0000000086a00000, 0x0000000086b00000|  0%| F|  |TAMS 0x0000000086a00000| PB 0x0000000086a00000| Untracked 
|  49|0x0000000086b00000, 0x0000000086b00000, 0x0000000086c00000|  0%| F|  |TAMS 0x0000000086b00000| PB 0x0000000086b00000| Untracked 
|  50|0x0000000086c00000, 0x0000000086c00000, 0x0000000086d00000|  0%| F|  |TAMS 0x0000000086c00000| PB 0x0000000086c00000| Untracked 
|  51|0x0000000086d00000, 0x0000000086d00000, 0x0000000086e00000|  0%| F|  |TAMS 0x0000000086d00000| PB 0x0000000086d00000| Untracked 
|  52|0x0000000086e00000, 0x0000000086e00000, 0x0000000086f00000|  0%| F|  |TAMS 0x0000000086e00000| PB 0x0000000086e00000| Untracked 
|  53|0x0000000086f00000, 0x0000000086f00000, 0x0000000087000000|  0%| F|  |TAMS 0x0000000086f00000| PB 0x0000000086f00000| Untracked 
|  54|0x0000000087000000, 0x0000000087000000, 0x0000000087100000|  0%| F|  |TAMS 0x0000000087000000| PB 0x0000000087000000| Untracked 
|  55|0x0000000087100000, 0x0000000087100000, 0x0000000087200000|  0%| F|  |TAMS 0x0000000087100000| PB 0x0000000087100000| Untracked 
|  56|0x0000000087200000, 0x0000000087200000, 0x0000000087300000|  0%| F|  |TAMS 0x0000000087200000| PB 0x0000000087200000| Untracked 
|  57|0x0000000087300000, 0x0000000087300000, 0x0000000087400000|  0%| F|  |TAMS 0x0000000087300000| PB 0x0000000087300000| Untracked 
|  58|0x0000000087400000, 0x0000000087400000, 0x0000000087500000|  0%| F|  |TAMS 0x0000000087400000| PB 0x0000000087400000| Untracked 
|  59|0x0000000087500000, 0x0000000087500000, 0x0000000087600000|  0%| F|  |TAMS 0x0000000087500000| PB 0x0000000087500000| Untracked 
|  60|0x0000000087600000, 0x0000000087600000, 0x0000000087700000|  0%| F|  |TAMS 0x0000000087600000| PB 0x0000000087600000| Untracked 
|  61|0x0000000087700000, 0x0000000087700000, 0x0000000087800000|  0%| F|  |TAMS 0x0000000087700000| PB 0x0000000087700000| Untracked 
|  62|0x0000000087800000, 0x0000000087800000, 0x0000000087900000|  0%| F|  |TAMS 0x0000000087800000| PB 0x0000000087800000| Untracked 
|  63|0x0000000087900000, 0x0000000087900000, 0x0000000087a00000|  0%| F|  |TAMS 0x0000000087900000| PB 0x0000000087900000| Untracked 
|  64|0x0000000087a00000, 0x0000000087a00000, 0x0000000087b00000|  0%| F|  |TAMS 0x0000000087a00000| PB 0x0000000087a00000| Untracked 
|  65|0x0000000087b00000, 0x0000000087b00000, 0x0000000087c00000|  0%| F|  |TAMS 0x0000000087b00000| PB 0x0000000087b00000| Untracked 
|  66|0x0000000087c00000, 0x0000000087c00000, 0x0000000087d00000|  0%| F|  |TAMS 0x0000000087c00000| PB 0x0000000087c00000| Untracked 
|  67|0x0000000087d00000, 0x0000000087d00000, 0x0000000087e00000|  0%| F|  |TAMS 0x0000000087d00000| PB 0x0000000087d00000| Untracked 
|  68|0x0000000087e00000, 0x0000000087e00000, 0x0000000087f00000|  0%| F|  |TAMS 0x0000000087e00000| PB 0x0000000087e00000| Untracked 
|  69|0x0000000087f00000, 0x0000000087f00000, 0x0000000088000000|  0%| F|  |TAMS 0x0000000087f00000| PB 0x0000000087f00000| Untracked 
|  70|0x0000000088000000, 0x0000000088000000, 0x0000000088100000|  0%| F|  |TAMS 0x0000000088000000| PB 0x0000000088000000| Untracked 
|  71|0x0000000088100000, 0x0000000088100000, 0x0000000088200000|  0%| F|  |TAMS 0x0000000088100000| PB 0x0000000088100000| Untracked 
|  72|0x0000000088200000, 0x0000000088200000, 0x0000000088300000|  0%| F|  |TAMS 0x0000000088200000| PB 0x0000000088200000| Untracked 
|  73|0x0000000088300000, 0x0000000088300000, 0x0000000088400000|  0%| F|  |TAMS 0x0000000088300000| PB 0x0000000088300000| Untracked 
|  74|0x0000000088400000, 0x0000000088400000, 0x0000000088500000|  0%| F|  |TAMS 0x0000000088400000| PB 0x0000000088400000| Untracked 
|  75|0x0000000088500000, 0x0000000088500000, 0x0000000088600000|  0%| F|  |TAMS 0x0000000088500000| PB 0x0000000088500000| Untracked 
|  76|0x0000000088600000, 0x0000000088600000, 0x0000000088700000|  0%| F|  |TAMS 0x0000000088600000| PB 0x0000000088600000| Untracked 
|  77|0x0000000088700000, 0x0000000088700000, 0x0000000088800000|  0%| F|  |TAMS 0x0000000088700000| PB 0x0000000088700000| Untracked 
|  78|0x0000000088800000, 0x0000000088800000, 0x0000000088900000|  0%| F|  |TAMS 0x0000000088800000| PB 0x0000000088800000| Untracked 
|  79|0x0000000088900000, 0x0000000088900000, 0x0000000088a00000|  0%| F|  |TAMS 0x0000000088900000| PB 0x0000000088900000| Untracked 
|  80|0x0000000088a00000, 0x0000000088a00000, 0x0000000088b00000|  0%| F|  |TAMS 0x0000000088a00000| PB 0x0000000088a00000| Untracked 
|  81|0x0000000088b00000, 0x0000000088b00000, 0x0000000088c00000|  0%| F|  |TAMS 0x0000000088b00000| PB 0x0000000088b00000| Untracked 
|  82|0x0000000088c00000, 0x0000000088c00000, 0x0000000088d00000|  0%| F|  |TAMS 0x0000000088c00000| PB 0x0000000088c00000| Untracked 
|  83|0x0000000088d00000, 0x0000000088d00000, 0x0000000088e00000|  0%| F|  |TAMS 0x0000000088d00000| PB 0x0000000088d00000| Untracked 
|  84|0x0000000088e00000, 0x0000000088e00000, 0x0000000088f00000|  0%| F|  |TAMS 0x0000000088e00000| PB 0x0000000088e00000| Untracked 
|  85|0x0000000088f00000, 0x0000000088f00000, 0x0000000089000000|  0%| F|  |TAMS 0x0000000088f00000| PB 0x0000000088f00000| Untracked 
|  86|0x0000000089000000, 0x0000000089000000, 0x0000000089100000|  0%| F|  |TAMS 0x0000000089000000| PB 0x0000000089000000| Untracked 
|  87|0x0000000089100000, 0x0000000089100000, 0x0000000089200000|  0%| F|  |TAMS 0x0000000089100000| PB 0x0000000089100000| Untracked 
|  88|0x0000000089200000, 0x0000000089200000, 0x0000000089300000|  0%| F|  |TAMS 0x0000000089200000| PB 0x0000000089200000| Untracked 
|  89|0x0000000089300000, 0x0000000089300000, 0x0000000089400000|  0%| F|  |TAMS 0x0000000089300000| PB 0x0000000089300000| Untracked 
|  90|0x0000000089400000, 0x0000000089400000, 0x0000000089500000|  0%| F|  |TAMS 0x0000000089400000| PB 0x0000000089400000| Untracked 
|  91|0x0000000089500000, 0x0000000089500000, 0x0000000089600000|  0%| F|  |TAMS 0x0000000089500000| PB 0x0000000089500000| Untracked 
|  92|0x0000000089600000, 0x0000000089600000, 0x0000000089700000|  0%| F|  |TAMS 0x0000000089600000| PB 0x0000000089600000| Untracked 
|  93|0x0000000089700000, 0x0000000089700000, 0x0000000089800000|  0%| F|  |TAMS 0x0000000089700000| PB 0x0000000089700000| Untracked 
|  94|0x0000000089800000, 0x0000000089800000, 0x0000000089900000|  0%| F|  |TAMS 0x0000000089800000| PB 0x0000000089800000| Untracked 
|  95|0x0000000089900000, 0x0000000089900000, 0x0000000089a00000|  0%| F|  |TAMS 0x0000000089900000| PB 0x0000000089900000| Untracked 
|  96|0x0000000089a00000, 0x0000000089a00000, 0x0000000089b00000|  0%| F|  |TAMS 0x0000000089a00000| PB 0x0000000089a00000| Untracked 
|  97|0x0000000089b00000, 0x0000000089b00000, 0x0000000089c00000|  0%| F|  |TAMS 0x0000000089b00000| PB 0x0000000089b00000| Untracked 
|  98|0x0000000089c00000, 0x0000000089c00000, 0x0000000089d00000|  0%| F|  |TAMS 0x0000000089c00000| PB 0x0000000089c00000| Untracked 
|  99|0x0000000089d00000, 0x0000000089d00000, 0x0000000089e00000|  0%| F|  |TAMS 0x0000000089d00000| PB 0x0000000089d00000| Untracked 
| 100|0x0000000089e00000, 0x0000000089e00000, 0x0000000089f00000|  0%| F|  |TAMS 0x0000000089e00000| PB 0x0000000089e00000| Untracked 
| 101|0x0000000089f00000, 0x0000000089f00000, 0x000000008a000000|  0%| F|  |TAMS 0x0000000089f00000| PB 0x0000000089f00000| Untracked 
| 102|0x000000008a000000, 0x000000008a000000, 0x000000008a100000|  0%| F|  |TAMS 0x000000008a000000| PB 0x000000008a000000| Untracked 
| 103|0x000000008a100000, 0x000000008a100000, 0x000000008a200000|  0%| F|  |TAMS 0x000000008a100000| PB 0x000000008a100000| Untracked 
| 104|0x000000008a200000, 0x000000008a200000, 0x000000008a300000|  0%| F|  |TAMS 0x000000008a200000| PB 0x000000008a200000| Untracked 
| 105|0x000000008a300000, 0x000000008a300000, 0x000000008a400000|  0%| F|  |TAMS 0x000000008a300000| PB 0x000000008a300000| Untracked 
| 106|0x000000008a400000, 0x000000008a400000, 0x000000008a500000|  0%| F|  |TAMS 0x000000008a400000| PB 0x000000008a400000| Untracked 
| 107|0x000000008a500000, 0x000000008a500000, 0x000000008a600000|  0%| F|  |TAMS 0x000000008a500000| PB 0x000000008a500000| Untracked 
| 108|0x000000008a600000, 0x000000008a600000, 0x000000008a700000|  0%| F|  |TAMS 0x000000008a600000| PB 0x000000008a600000| Untracked 
| 109|0x000000008a700000, 0x000000008a700000, 0x000000008a800000|  0%| F|  |TAMS 0x000000008a700000| PB 0x000000008a700000| Untracked 
| 110|0x000000008a800000, 0x000000008a800000, 0x000000008a900000|  0%| F|  |TAMS 0x000000008a800000| PB 0x000000008a800000| Untracked 
| 111|0x000000008a900000, 0x000000008a900000, 0x000000008aa00000|  0%| F|  |TAMS 0x000000008a900000| PB 0x000000008a900000| Untracked 
| 112|0x000000008aa00000, 0x000000008aa00000, 0x000000008ab00000|  0%| F|  |TAMS 0x000000008aa00000| PB 0x000000008aa00000| Untracked 
| 113|0x000000008ab00000, 0x000000008ab00000, 0x000000008ac00000|  0%| F|  |TAMS 0x000000008ab00000| PB 0x000000008ab00000| Untracked 
| 114|0x000000008ac00000, 0x000000008ac00000, 0x000000008ad00000|  0%| F|  |TAMS 0x000000008ac00000| PB 0x000000008ac00000| Untracked 
| 115|0x000000008ad00000, 0x000000008ad00000, 0x000000008ae00000|  0%| F|  |TAMS 0x000000008ad00000| PB 0x000000008ad00000| Untracked 
| 116|0x000000008ae00000, 0x000000008ae00000, 0x000000008af00000|  0%| F|  |TAMS 0x000000008ae00000| PB 0x000000008ae00000| Untracked 
| 117|0x000000008af00000, 0x000000008af00000, 0x000000008b000000|  0%| F|  |TAMS 0x000000008af00000| PB 0x000000008af00000| Untracked 
| 118|0x000000008b000000, 0x000000008b000000, 0x000000008b100000|  0%| F|  |TAMS 0x000000008b000000| PB 0x000000008b000000| Untracked 
| 119|0x000000008b100000, 0x000000008b100000, 0x000000008b200000|  0%| F|  |TAMS 0x000000008b100000| PB 0x000000008b100000| Untracked 
| 120|0x000000008b200000, 0x000000008b200000, 0x000000008b300000|  0%| F|  |TAMS 0x000000008b200000| PB 0x000000008b200000| Untracked 
| 121|0x000000008b300000, 0x000000008b300000, 0x000000008b400000|  0%| F|  |TAMS 0x000000008b300000| PB 0x000000008b300000| Untracked 
| 122|0x000000008b400000, 0x000000008b400000, 0x000000008b500000|  0%| F|  |TAMS 0x000000008b400000| PB 0x000000008b400000| Untracked 
| 123|0x000000008b500000, 0x000000008b600000, 0x000000008b600000|100%| E|  |TAMS 0x000000008b500000| PB 0x000000008b500000| Complete 
| 124|0x000000008b600000, 0x000000008b700000, 0x000000008b700000|100%| E|CS|TAMS 0x000000008b600000| PB 0x000000008b600000| Complete 
| 125|0x000000008b700000, 0x000000008b800000, 0x000000008b800000|100%| E|CS|TAMS 0x000000008b700000| PB 0x000000008b700000| Complete 

Card table byte_map: [0x0000021b25470000,0x0000021b25860000] _byte_map_base: 0x0000021b25053000

Marking Bits: (CMBitMap*) 0x0000021b0bc13440
 Bits: [0x0000021b25c50000, 0x0000021b27b68000)

Polling page: 0x0000021b0b5c0000

Metaspace:

Usage:
  Non-class:    496.25 KB used.
      Class:     30.17 KB used.
       Both:    526.42 KB used.

Virtual space:
  Non-class space:       64.00 MB reserved,     576.00 KB ( <1%) committed,  1 nodes.
      Class space:        1.00 GB reserved,     128.00 KB ( <1%) committed,  1 nodes.
             Both:        1.06 GB reserved,     704.00 KB ( <1%) committed. 

Chunk freelists:
   Non-Class:  3.97 MB
       Class:  3.73 MB
        Both:  7.70 MB

MaxMetaspaceSize: unlimited
CompressedClassSpaceSize: 1.00 GB
Initial GC threshold: 21.00 MB
Current GC threshold: 21.00 MB
CDS: on
MetaspaceReclaimPolicy: balanced
 - commit_granule_bytes: 65536.
 - commit_granule_words: 8192.
 - virtual_space_node_default_size: 8388608.
 - enlarge_chunks_in_place: 1.
 - new_chunks_are_fully_committed: 0.
 - uncommit_free_chunks: 1.
 - use_allocation_guard: 0.


Internal statistics:

num_allocs_failed_limit: 0.
num_arena_births: 22.
num_arena_deaths: 0.
num_vsnodes_births: 2.
num_vsnodes_deaths: 0.
num_space_committed: 11.
num_space_uncommitted: 0.
num_chunks_returned_to_freelist: 0.
num_chunks_taken_from_freelist: 27.
num_chunk_merges: 0.
num_chunk_splits: 16.
num_chunks_enlarged: 10.
num_inconsistent_stats: 0.

CodeHeap 'non-profiled nmethods': size=120000Kb used=69Kb max_used=69Kb free=119930Kb
 bounds [0x0000021b1d1e0000, 0x0000021b1d450000, 0x0000021b24710000]
CodeHeap 'profiled nmethods': size=120000Kb used=205Kb max_used=205Kb free=119795Kb
 bounds [0x0000021b15710000, 0x0000021b15980000, 0x0000021b1cc40000]
CodeHeap 'non-nmethods': size=5760Kb used=1431Kb max_used=1431Kb free=4328Kb
 bounds [0x0000021b1cc40000, 0x0000021b1ceb0000, 0x0000021b1d1e0000]
 total_blobs=596 nmethods=200 adapters=307
 compilation: enabled
              stopped_count=0, restarted_count=0
 full_count=0

Compilation events (20 events):
Event: 0.148 Thread 0x0000021b2a671820  190       3       jdk.internal.org.objectweb.asm.SymbolTable$Entry::<init> (17 bytes)
Event: 0.148 Thread 0x0000021b2a671820 nmethod 190 0x0000021b1573f490 code [0x0000021b1573f620, 0x0000021b1573f798]
Event: 0.148 Thread 0x0000021b2a671820  187       1       java.lang.invoke.MethodType$ConcurrentWeakInternSet$WeakEntry::hashCode (5 bytes)
Event: 0.148 Thread 0x0000021b2a671820 nmethod 187 0x0000021b1d1f0b90 code [0x0000021b1d1f0d00, 0x0000021b1d1f0dc8]
Event: 0.148 Thread 0x0000021b2a671820  191       1       java.lang.invoke.MethodTypeForm::parameterSlotCount (5 bytes)
Event: 0.148 Thread 0x0000021b2a671820 nmethod 191 0x0000021b1d1f0e90 code [0x0000021b1d1f1000, 0x0000021b1d1f10c8]
Event: 0.148 Thread 0x0000021b2a671820  192       3       jdk.internal.org.objectweb.asm.SymbolTable::addConstantUtf8 (98 bytes)
Event: 0.148 Thread 0x0000021b2a671820 nmethod 192 0x0000021b1573f890 code [0x0000021b1573faa0, 0x0000021b15740098]
Event: 0.148 Thread 0x0000021b2a671820  194       3       java.lang.invoke.LambdaForm$BasicType::basicType (187 bytes)
Event: 0.149 Thread 0x0000021b2a671820 nmethod 194 0x0000021b15740410 code [0x0000021b15740680, 0x0000021b15741100]
Event: 0.149 Thread 0x0000021b2a671820  193       3       jdk.internal.org.objectweb.asm.ByteVector::putByte (39 bytes)
Event: 0.149 Thread 0x0000021b2a671820 nmethod 193 0x0000021b15741390 code [0x0000021b15741520, 0x0000021b15741700]
Event: 0.158 Thread 0x0000021b2a671820  197       3       java.lang.invoke.MethodType::methodType (69 bytes)
Event: 0.159 Thread 0x0000021b2a671820 nmethod 197 0x0000021b15741810 code [0x0000021b15741a00, 0x0000021b15741ed8]
Event: 0.159 Thread 0x0000021b2a671820  199       3       java.lang.String::charAt (25 bytes)
Event: 0.159 Thread 0x0000021b2a671820 nmethod 199 0x0000021b15742090 code [0x0000021b15742280, 0x0000021b157427d8]
Event: 0.159 Thread 0x0000021b2a671820  198       3       java.lang.System::getSecurityManager (12 bytes)
Event: 0.160 Thread 0x0000021b2a671820 nmethod 198 0x0000021b15742a90 code [0x0000021b15742c20, 0x0000021b15742d90]
Event: 0.160 Thread 0x0000021b2a671820  200       3       java.lang.StringLatin1::newString (24 bytes)
Event: 0.160 Thread 0x0000021b2a671820 nmethod 200 0x0000021b15742e10 code [0x0000021b15742fc0, 0x0000021b157432d8]

GC Heap History (0 events):
No events

Dll operation events (8 events):
Event: 0.015 Loaded shared library C:\Users\fidan.ahmadova\.jdks\openjdk-20\bin\java.dll
Event: 0.031 Loaded shared library C:\Users\fidan.ahmadova\.jdks\openjdk-20\bin\jsvml.dll
Event: 0.117 Loaded shared library C:\Users\fidan.ahmadova\.jdks\openjdk-20\bin\zip.dll
Event: 0.122 Loaded shared library C:\Users\fidan.ahmadova\.jdks\openjdk-20\bin\instrument.dll
Event: 0.132 Loaded shared library C:\Users\fidan.ahmadova\.jdks\openjdk-20\bin\net.dll
Event: 0.135 Loaded shared library C:\Users\fidan.ahmadova\.jdks\openjdk-20\bin\nio.dll
Event: 0.142 Loaded shared library C:\Users\fidan.ahmadova\.jdks\openjdk-20\bin\zip.dll
Event: 0.152 Loaded shared library C:\Program Files\JetBrains\IntelliJ IDEA 2021.2.2\bin\breakgen64.dll

Deoptimization events (8 events):
Event: 0.140 Thread 0x0000021b0bbb7e40 Uncommon trap: trap_request=0xffffffde fr.pc=0x0000021b1d1ed4ac relative=0x000000000000092c
Event: 0.140 Thread 0x0000021b0bbb7e40 Uncommon trap: reason=class_check action=maybe_recompile pc=0x0000021b1d1ed4ac method=java.util.HashMap.putVal(ILjava/lang/Object;Ljava/lang/Object;ZZ)Ljava/lang/Object; @ 152 c2
Event: 0.140 Thread 0x0000021b0bbb7e40 DEOPT PACKING pc=0x0000021b1d1ed4ac sp=0x000000ad5e6fe6c0
Event: 0.140 Thread 0x0000021b0bbb7e40 DEOPT UNPACKING pc=0x0000021b1cc5d2a2 sp=0x000000ad5e6fe650 mode 2
Event: 0.158 Thread 0x0000021b0bbb7e40 Uncommon trap: trap_request=0xffffff45 fr.pc=0x0000021b1d1f0730 relative=0x00000000000000b0
Event: 0.158 Thread 0x0000021b0bbb7e40 Uncommon trap: reason=unstable_if action=reinterpret pc=0x0000021b1d1f0730 method=java.lang.String.isLatin1()Z @ 10 c2
Event: 0.158 Thread 0x0000021b0bbb7e40 DEOPT PACKING pc=0x0000021b1d1f0730 sp=0x000000ad5e6ff1d0
Event: 0.158 Thread 0x0000021b0bbb7e40 DEOPT UNPACKING pc=0x0000021b1cc5d2a2 sp=0x000000ad5e6ff110 mode 2

Classes loaded (20 events):
Event: 0.153 Loading class java/io/Reader
Event: 0.153 Loading class java/io/Reader done
Event: 0.153 Loading class java/io/InputStreamReader
Event: 0.153 Loading class java/io/InputStreamReader done
Event: 0.154 Loading class java/net/Socket
Event: 0.155 Loading class java/lang/WeakPairMap$Pair$Weak
Event: 0.156 Loading class java/lang/WeakPairMap$WeakRefPeer
Event: 0.156 Loading class java/lang/WeakPairMap$WeakRefPeer done
Event: 0.156 Loading class java/lang/WeakPairMap$Pair$Weak done
Event: 0.156 Loading class java/lang/WeakPairMap$Pair$Weak$1
Event: 0.156 Loading class java/lang/WeakPairMap$Pair$Weak$1 done
Event: 0.157 Loading class jdk/internal/vm/PostVMInitHook
Event: 0.157 Loading class java/net/Socket done
Event: 0.157 Loading class jdk/internal/vm/PostVMInitHook done
Event: 0.158 Loading class jdk/internal/loader/URLClassPath$FileLoader$1
Event: 0.158 Loading class jdk/internal/loader/URLClassPath$FileLoader$1 done
Event: 0.158 Loading class java/net/InetSocketAddress
Event: 0.159 Loading class java/net/SocketAddress
Event: 0.159 Loading class java/net/SocketAddress done
Event: 0.159 Loading class java/net/InetSocketAddress done

Classes unloaded (0 events):
No events

Classes redefined (1 events):
Event: 0.156 Thread 0x0000021b2a629700 redefined class name=java.io.FileOutputStream, count=1

Internal exceptions (2 events):
Event: 0.143 Thread 0x0000021b0bbb7e40 Exception <a 'java/lang/NoSuchMethodError'{0x000000008b534980}: 'void java.lang.invoke.DirectMethodHandle$Holder.invokeStatic(java.lang.Object, java.lang.Object, java.lang.Object)'> (0x000000008b534980) 
thrown [s\open\src\hotspot\share\interpreter\linkResolver.cpp, line 773]
Event: 0.149 Thread 0x0000021b0bbb7e40 Exception <a 'java/lang/NoSuchMethodError'{0x000000008b54be88}: 'java.lang.Object java.lang.invoke.Invokers$Holder.invokeExact_MT(java.lang.Object, java.lang.Object, java.lang.Object, java.lang.Object, java.lang.Object)'> (0x000000008b54be88) 
thrown [s\open\src\hotspot\share\interpreter\linkResolver.cpp, line 773]

VM Operations (6 events):
Event: 0.101 Executing VM operation: HandshakeAllThreads
Event: 0.101 Executing VM operation: HandshakeAllThreads done
Event: 0.156 Executing VM operation: RedefineClasses
Event: 0.157 Executing VM operation: RedefineClasses done
Event: 0.160 Executing VM operation: HandshakeAllThreads
Event: 0.160 Executing VM operation: HandshakeAllThreads done

Events (15 events):
Event: 0.031 Thread 0x0000021b0bbb7e40 Thread added: 0x0000021b0bbb7e40
Event: 0.057 Thread 0x0000021b2a6473c0 Thread added: 0x0000021b2a6473c0
Event: 0.058 Thread 0x0000021b2a6481c0 Thread added: 0x0000021b2a6481c0
Event: 0.058 Thread 0x0000021b2a64b7f0 Thread added: 0x0000021b2a64b7f0
Event: 0.059 Thread 0x0000021b2a650350 Thread added: 0x0000021b2a650350
Event: 0.059 Thread 0x0000021b2a651150 Thread added: 0x0000021b2a651150
Event: 0.059 Thread 0x0000021b2a65a460 Thread added: 0x0000021b2a65a460
Event: 0.059 Thread 0x0000021b2a6689d0 Thread added: 0x0000021b2a6689d0
Event: 0.059 Thread 0x0000021b2a671820 Thread added: 0x0000021b2a671820
Event: 0.093 Thread 0x0000021b2e8bc940 Thread added: 0x0000021b2e8bc940
Event: 0.153 Thread 0x0000021b2e9b8700 Thread added: 0x0000021b2e9b8700
Event: 0.157 Thread 0x0000021b2e9b9510 Thread added: 0x0000021b2e9b9510
Event: 0.160 Thread 0x0000021b0bbb7e40 Thread exited: 0x0000021b0bbb7e40
Event: 0.160 Thread 0x0000021b0bbb7e40 Thread added: 0x0000021b0bbb7e40
Event: 0.161 Thread 0x0000021b0bbb7e40 Thread exited: 0x0000021b0bbb7e40


Dynamic libraries:
0x00007ff7c0d80000 - 0x00007ff7c0d8e000 	C:\Users\fidan.ahmadova\.jdks\openjdk-20\bin\java.exe
0x00007ffe83770000 - 0x00007ffe83968000 	C:\Windows\SYSTEM32\ntdll.dll
0x00007ffe834d0000 - 0x00007ffe8358f000 	C:\Windows\System32\KERNEL32.DLL
0x00007ffe831f0000 - 0x00007ffe834c2000 	C:\Windows\System32\KERNELBASE.dll
0x0000000075d50000 - 0x0000000075d8b000 	C:\Windows\System32\cyinjct.dll
0x00007ffe83070000 - 0x00007ffe8307c000 	C:\Windows\System32\ntnativeapi.dll
0x00007ffe72e60000 - 0x00007ffe72e77000 	C:\Users\fidan.ahmadova\.jdks\openjdk-20\bin\jli.dll
0x0000021b0b6f0000 - 0x0000021b0b88d000 	C:\Windows\System32\USER32.dll
0x00007ffe80e20000 - 0x00007ffe80e42000 	C:\Windows\System32\win32u.dll
0x00007ffe817a0000 - 0x00007ffe817cb000 	C:\Windows\System32\GDI32.dll
0x00007ffe80f00000 - 0x00007ffe8100f000 	C:\Windows\System32\gdi32full.dll
0x00007ffe80d80000 - 0x00007ffe80e1d000 	C:\Windows\System32\msvcp_win.dll
0x0000021b0b890000 - 0x0000021b0b990000 	C:\Windows\System32\ucrtbase.dll
0x00007ffe64280000 - 0x00007ffe6429b000 	C:\Users\fidan.ahmadova\.jdks\openjdk-20\bin\VCRUNTIME140.dll
0x00007ffe63ed0000 - 0x00007ffe6416a000 	C:\Windows\WinSxS\amd64_microsoft.windows.common-controls_6595b64144ccf1df_6.0.19041.1110_none_60b5254171f9507e\COMCTL32.dll
0x00007ffe82c30000 - 0x00007ffe82cce000 	C:\Windows\System32\msvcrt.dll
0x00007ffe83050000 - 0x00007ffe8306e000 	C:\Windows\System32\cyvera.dll
0x00007ffe82fe0000 - 0x00007ffe8304b000 	C:\Windows\System32\cyvrtrap.dll
0x00007ffe81fe0000 - 0x00007ffe82012000 	C:\Windows\System32\IMM32.DLL
0x00007ffe79420000 - 0x00007ffe7942c000 	C:\Users\fidan.ahmadova\.jdks\openjdk-20\bin\vcruntime140_1.dll
0x00007ffe584a0000 - 0x00007ffe5852e000 	C:\Users\fidan.ahmadova\.jdks\openjdk-20\bin\msvcp140.dll
0x00007ffe0db10000 - 0x00007ffe0e7a7000 	C:\Users\fidan.ahmadova\.jdks\openjdk-20\bin\server\jvm.dll
0x00007ffe82030000 - 0x00007ffe820de000 	C:\Windows\System32\ADVAPI32.dll
0x00007ffe828a0000 - 0x00007ffe8293c000 	C:\Windows\System32\sechost.dll
0x00007ffe830c0000 - 0x00007ffe831e5000 	C:\Windows\System32\RPCRT4.dll
0x00007ffe62d30000 - 0x00007ffe62d39000 	C:\Windows\SYSTEM32\WSOCK32.dll
0x00007ffe82830000 - 0x00007ffe8289b000 	C:\Windows\System32\WS2_32.dll
0x00007ffe5dd80000 - 0x00007ffe5dda7000 	C:\Windows\SYSTEM32\WINMM.dll
0x00007ffe75d30000 - 0x00007ffe75d3a000 	C:\Windows\SYSTEM32\VERSION.dll
0x00007ffe7f870000 - 0x00007ffe7f882000 	C:\Windows\SYSTEM32\kernel.appcore.dll
0x00007ffe793e0000 - 0x00007ffe793ea000 	C:\Users\fidan.ahmadova\.jdks\openjdk-20\bin\jimage.dll
0x00007ffe7bac0000 - 0x00007ffe7bca4000 	C:\Windows\SYSTEM32\DBGHELP.DLL
0x00007ffe5dc10000 - 0x00007ffe5dc3c000 	C:\Windows\SYSTEM32\dbgcore.DLL
0x00007ffe81060000 - 0x00007ffe810e2000 	C:\Windows\System32\bcryptPrimitives.dll
0x00007ffe783f0000 - 0x00007ffe783fe000 	C:\Users\fidan.ahmadova\.jdks\openjdk-20\bin\instrument.dll
0x00007ffe63c10000 - 0x00007ffe63c36000 	C:\Users\fidan.ahmadova\.jdks\openjdk-20\bin\java.dll
0x00007ffe82fa0000 - 0x00007ffe82fd7000 	C:\Program Files\Palo Alto Networks\Traps\cyjagent.dll
0x00007ffe458a0000 - 0x00007ffe45977000 	C:\Users\fidan.ahmadova\.jdks\openjdk-20\bin\jsvml.dll
0x00007ffe820e0000 - 0x00007ffe82823000 	C:\Windows\System32\SHELL32.dll
0x00007ffe7bcb0000 - 0x00007ffe7c442000 	C:\Windows\SYSTEM32\windows.storage.dll
0x00007ffe813e0000 - 0x00007ffe81734000 	C:\Windows\System32\combase.dll
0x00007ffe80740000 - 0x00007ffe80770000 	C:\Windows\SYSTEM32\Wldp.dll
0x00007ffe82940000 - 0x00007ffe829ed000 	C:\Windows\System32\SHCORE.dll
0x00007ffe829f0000 - 0x00007ffe82a45000 	C:\Windows\System32\shlwapi.dll
0x00007ffe80c90000 - 0x00007ffe80caf000 	C:\Windows\SYSTEM32\profapi.dll
0x00007ffe64180000 - 0x00007ffe64198000 	C:\Users\fidan.ahmadova\.jdks\openjdk-20\bin\zip.dll
0x00007ffe5b2d0000 - 0x00007ffe5b2e3000 	C:\Users\fidan.ahmadova\.jdks\openjdk-20\bin\net.dll
0x00007ffe74e70000 - 0x00007ffe74f7c000 	C:\Windows\SYSTEM32\WINHTTP.dll
0x00007ffe80430000 - 0x00007ffe8049a000 	C:\Windows\system32\mswsock.dll
0x00007ffe58440000 - 0x00007ffe58456000 	C:\Users\fidan.ahmadova\.jdks\openjdk-20\bin\nio.dll
0x00007ffe58420000 - 0x00007ffe5843a000 	C:\Program Files\JetBrains\IntelliJ IDEA 2021.2.2\bin\breakgen64.dll

dbghelp: loaded successfully - version: 4.0.5 - missing functions: none
symbol engine: initialized successfully - sym options: 0x614 - pdb path: .;C:\Users\fidan.ahmadova\.jdks\openjdk-20\bin;C:\Windows\SYSTEM32;C:\Windows\WinSxS\amd64_microsoft.windows.common-controls_6595b64144ccf1df_6.0.19041.1110_none_60b5254171f9507e;C:\Users\fidan.ahmadova\.jdks\openjdk-20\bin\server;C:\Program Files\Palo Alto Networks\Traps;C:\Program Files\JetBrains\IntelliJ IDEA 2021.2.2\bin

VM Arguments:
jvm_args: -javaagent:C:\Program Files\JetBrains\IntelliJ IDEA 2021.2.2\lib\idea_rt.jar=54632:C:\Program Files\JetBrains\IntelliJ IDEA 2021.2.2\bin -Dfile.encoding=UTF-8 -agentpath:C:\Program Files\Palo Alto Networks\Traps\cyjagent.dll 
java_command: com.company.JavaIntToString
java_class_path (initial): C:\Users\fidan.ahmadova\IdeaProjects\hackerrank\out\production\hackerrank
Launcher Type: SUN_STANDARD

[Global flags]
     intx CICompilerCount                          = 4                                         {product} {ergonomic}
     uint ConcGCThreads                            = 2                                         {product} {ergonomic}
     uint G1ConcRefinementThreads                  = 8                                         {product} {ergonomic}
   size_t G1HeapRegionSize                         = 1048576                                   {product} {ergonomic}
    uintx GCDrainStackTargetSize                   = 64                                        {product} {ergonomic}
   size_t InitialHeapSize                          = 132120576                                 {product} {ergonomic}
   size_t MarkStackSize                            = 4194304                                   {product} {ergonomic}
   size_t MaxHeapSize                              = 2086666240                                {product} {ergonomic}
   size_t MaxNewSize                               = 1251999744                                {product} {ergonomic}
   size_t MinHeapDeltaBytes                        = 1048576                                   {product} {ergonomic}
   size_t MinHeapSize                              = 8388608                                   {product} {ergonomic}
    uintx NonNMethodCodeHeapSize                   = 5839372                                {pd product} {ergonomic}
    uintx NonProfiledCodeHeapSize                  = 122909434                              {pd product} {ergonomic}
    uintx ProfiledCodeHeapSize                     = 122909434                              {pd product} {ergonomic}
    uintx ReservedCodeCacheSize                    = 251658240                              {pd product} {ergonomic}
     bool SegmentedCodeCache                       = true                                      {product} {ergonomic}
   size_t SoftMaxHeapSize                          = 2086666240                             {manageable} {ergonomic}
     bool UseCompressedClassPointers               = true                           {product lp64_product} {ergonomic}
     bool UseCompressedOops                        = true                           {product lp64_product} {ergonomic}
     bool UseG1GC                                  = true                                      {product} {ergonomic}
     bool UseLargePagesIndividualAllocation        = false                                  {pd product} {ergonomic}

Logging:
Log output configuration:
 #0: stdout all=warning uptime,level,tags foldmultilines=false
 #1: stderr all=off uptime,level,tags foldmultilines=false

Environment Variables:
PATH=C:\app\exbadml\product\11.2.0\client_1\bin;C:\Program Files (x86)\Common Files\Oracle\Java\javapath;C:\Windows\system32;C:\Windows;C:\Windows\System32\Wbem;"C:\Windows\System32\WindowsPowerShell\v1.0\;C:\Program Files\wkhtmltopdf\bin;";C:\Windows\System32\OpenSSH\;C:\Program Files\Git\cmd;C:\Users\fidan.ahmadova\AppData\Local\Microsoft\WindowsApps;
USERNAME=fidan.ahmadova
OS=Windows_NT
PROCESSOR_IDENTIFIER=Intel64 Family 6 Model 126 Stepping 5, GenuineIntel
TMP=C:\Users\FIDAN~1.AHM\AppData\Local\Temp
TEMP=C:\Users\FIDAN~1.AHM\AppData\Local\Temp




---------------  S Y S T E M  ---------------

OS:
 Windows 10 , 64 bit Build 19041 (10.0.19041.2251)
OS uptime: 0 days 1:22 hours

CPU: total 8 (initial active 8) (4 cores per cpu, 2 threads per core) family 6 model 126 stepping 5 microcode 0xa0, cx8, cmov, fxsr, ht, mmx, 3dnowpref, sse, sse2, sse3, ssse3, sse4.1, sse4.2, popcnt, lzcnt, tsc, tscinvbit, avx, avx2, aes, erms, clmul, bmi1, bmi2, adx, avx512f, avx512dq, avx512cd, avx512bw, avx512vl, sha, fma, vzeroupper, avx512_vpopcntdq, avx512_vpclmulqdq, avx512_vaes, avx512_vnni, clflush, clflushopt, avx512_vbmi2, avx512_vbmi, rdtscp, rdpid, fsrm, gfni, avx512_bitalg, f16c, pku, avx512_ifma

Memory: 4k page, system-wide physical 7954M (1326M free)
TotalPageFile size 12050M (AvailPageFile size 5025M)
current process WorkingSet (physical memory assigned to process): 35M, peak: 35M
current process commit charge ("private bytes"): 209M, peak: 210M

vm_info: OpenJDK 64-Bit Server VM (20+36-2344) for windows-amd64 JRE (20+36-2344), built on 2023-02-10T19:30:15Z by "mach5one" with MS VC++ 17.1 (VS2022)

END.
